<?xml version="1.0" encoding="UTF-8"?>
<!-- Generated by org.testng.reporters.JUnitReportReporter -->
<testsuite skipped="0" hostname="PC201603201541" name="com.zuora.test.exam.testcases.ContactTest" tests="1" failures="0" timestamp="03 六月 2018 03:11:17 GMT" time="7.932" errors="0">
  <testcase name="testCreateContacts" time="7.932" classname="com.zuora.test.exam.testcases.ContactTest"/>
</testsuite> <!-- com.zuora.test.exam.testcases.ContactTest -->
